0 silly argv {
0 silly argv   _: [ 'run' ],
0 silly argv   lernaVersion: '8.1.2',
0 silly argv   '$0': '/Users/armandorueda/Documents/lerna-monorepo/node_modules/.bin/lerna',
0 silly argv   script: 'test'
0 silly argv }
1 notice cli v8.1.2
2 verbose packageConfigs Resolving packages based on package.json "workspaces" configuration.
3 verbose rootPath /Users/armandorueda/Documents/lerna-monorepo
4 error Error: The following projects are defined in multiple locations:
4 error - backend-fintech:
4 error   - packages/backend-fintech
4 error   - packages/kafka-mongo
4 error
4 error To fix this, set a unique name for each project in a project.json inside the project's root. If the project does not currently have a project.json, you can create one that contains only a name.
4 error     at readProjectConfigurationsFromRootMap (/Users/armandorueda/Documents/lerna-monorepo/node_modules/nx/src/project-graph/utils/project-configuration-utils.js:254:15)
4 error     at /Users/armandorueda/Documents/lerna-monorepo/node_modules/nx/src/project-graph/utils/project-configuration-utils.js:209:26
4 error     at async createProjectConfigurations (/Users/armandorueda/Documents/lerna-monorepo/node_modules/nx/src/project-graph/utils/retrieve-workspace-files.js:89:62)
4 error     at async buildProjectGraphAndSourceMapsWithoutDaemon (/Users/armandorueda/Documents/lerna-monorepo/node_modules/nx/src/project-graph/project-graph.js:73:69)
4 error     at async createProjectGraphAndSourceMapsAsync (/Users/armandorueda/Documents/lerna-monorepo/node_modules/nx/src/project-graph/project-graph.js:139:25)
4 error     at async createProjectGraphAsync (/Users/armandorueda/Documents/lerna-monorepo/node_modules/nx/src/project-graph/project-graph.js:128:39)
4 error     at async detectProjects (/Users/armandorueda/Documents/lerna-monorepo/node_modules/lerna/dist/index.js:1563:25)
